2017-11-25 06:19:02 [scrapy.utils.log] INFO: Scrapy 1.4.0 started (bot: rentalSpider)
2017-11-25 06:19:02 [scrapy.utils.log] INFO: Overridden settings: {'BOT_NAME': 'rentalSpider', 'CONCURRENT_REQUESTS': 1, 'DOWNLOAD_DELAY': 5, 'FEED_URI': 's3://rentalspider/Data/jsonData/2017-11-25_listing-data.jl', 'LOG_FILE': '2017-11-25.log', 'NEWSPIDER_MODULE': 'rentalSpider.spiders', 'ROBOTSTXT_OBEY': True, 'SPIDER_MODULES': ['rentalSpider.spiders'], 'USER_AGENT': 'Mozilla/5.0 (Macintosh; Intel Mac OS X 10_11_6) AppleWebKit/537.36 (KHTML, like Gecko) Chrome/62.0.3202.94 Safari/537.36'}
2017-11-25 06:19:02 [py.warnings] WARNING: /home/ec2-user/anaconda3/envs/scrapy/lib/python3.6/site-packages/scrapy/extensions/feedexport.py:97: ScrapyDeprecationWarning: Module `scrapy.conf` is deprecated, use `crawler.settings` attribute instead
  from scrapy.conf import settings

2017-11-25 06:19:02 [botocore.session] DEBUG: Loading variable profile from defaults.
2017-11-25 06:19:02 [botocore.session] DEBUG: Loading variable config_file from defaults.
2017-11-25 06:19:02 [botocore.session] DEBUG: Loading variable credentials_file from defaults.
2017-11-25 06:19:02 [botocore.session] DEBUG: Loading variable region from defaults.
2017-11-25 06:19:02 [botocore.session] DEBUG: Loading variable profile from defaults.
2017-11-25 06:19:02 [botocore.session] DEBUG: Loading variable ca_bundle from defaults.
2017-11-25 06:19:02 [botocore.session] DEBUG: Loading variable profile from defaults.
2017-11-25 06:19:02 [botocore.session] DEBUG: Loading variable api_versions from defaults.
2017-11-25 06:19:02 [botocore.session] DEBUG: Loading variable profile from defaults.
2017-11-25 06:19:02 [botocore.session] DEBUG: Loading variable data_path from defaults.
2017-11-25 06:19:02 [botocore.loaders] DEBUG: Loading JSON file: /home/ec2-user/anaconda3/envs/scrapy/lib/python3.6/site-packages/botocore/data/endpoints.json
2017-11-25 06:19:02 [botocore.session] DEBUG: Loading variable profile from defaults.
2017-11-25 06:19:02 [botocore.loaders] DEBUG: Loading JSON file: /home/ec2-user/anaconda3/envs/scrapy/lib/python3.6/site-packages/botocore/data/s3/2006-03-01/service-2.json
2017-11-25 06:19:02 [botocore.hooks] DEBUG: Event creating-client-class.s3: calling handler <function add_generate_presigned_post at 0x7ff7a0340bf8>
2017-11-25 06:19:02 [botocore.hooks] DEBUG: Event creating-client-class.s3: calling handler <function add_generate_presigned_url at 0x7ff7a03409d8>
2017-11-25 06:19:02 [botocore.args] DEBUG: The s3 config key is not a dictionary type, ignoring its value of: None
2017-11-25 06:19:02 [botocore.endpoint] DEBUG: Setting s3 timeout as (60, 60)
2017-11-25 06:19:02 [botocore.loaders] DEBUG: Loading JSON file: /home/ec2-user/anaconda3/envs/scrapy/lib/python3.6/site-packages/botocore/data/_retry.json
2017-11-25 06:19:02 [botocore.client] DEBUG: Registering retry handlers for service: s3
2017-11-25 06:19:02 [botocore.client] DEBUG: Defaulting to S3 virtual host style addressing with path style addressing fallback.
2017-11-25 06:19:02 [scrapy.middleware] INFO: Enabled extensions:
['scrapy.extensions.corestats.CoreStats',
 'scrapy.extensions.telnet.TelnetConsole',
 'scrapy.extensions.memusage.MemoryUsage',
 'scrapy.extensions.feedexport.FeedExporter',
 'scrapy.extensions.logstats.LogStats']
2017-11-25 06:19:02 [scrapy.middleware] INFO: Enabled downloader middlewares:
['scrapy.downloadermiddlewares.robotstxt.RobotsTxtMiddleware',
 'scrapy.downloadermiddlewares.httpauth.HttpAuthMiddleware',
 'scrapy.downloadermiddlewares.downloadtimeout.DownloadTimeoutMiddleware',
 'scrapy.downloadermiddlewares.defaultheaders.DefaultHeadersMiddleware',
 'scrapy.downloadermiddlewares.useragent.UserAgentMiddleware',
 'scrapy.downloadermiddlewares.retry.RetryMiddleware',
 'scrapy.downloadermiddlewares.redirect.MetaRefreshMiddleware',
 'scrapy.downloadermiddlewares.httpcompression.HttpCompressionMiddleware',
 'scrapy.downloadermiddlewares.redirect.RedirectMiddleware',
 'scrapy.downloadermiddlewares.cookies.CookiesMiddleware',
 'scrapy.downloadermiddlewares.httpproxy.HttpProxyMiddleware',
 'scrapy.downloadermiddlewares.stats.DownloaderStats']
2017-11-25 06:19:02 [scrapy.middleware] INFO: Enabled spider middlewares:
['scrapy.spidermiddlewares.httperror.HttpErrorMiddleware',
 'scrapy.spidermiddlewares.offsite.OffsiteMiddleware',
 'scrapy.spidermiddlewares.referer.RefererMiddleware',
 'scrapy.spidermiddlewares.urllength.UrlLengthMiddleware',
 'scrapy.spidermiddlewares.depth.DepthMiddleware']
2017-11-25 06:19:02 [scrapy.middleware] INFO: Enabled item pipelines:
[]
2017-11-25 06:19:02 [scrapy.core.engine] INFO: Spider opened
2017-11-25 06:19:02 [botocore.session] DEBUG: Loading variable profile from defaults.
2017-11-25 06:19:02 [botocore.session] DEBUG: Loading variable config_file from defaults.
2017-11-25 06:19:02 [botocore.session] DEBUG: Loading variable credentials_file from defaults.
2017-11-25 06:19:02 [botocore.session] DEBUG: Loading variable region from defaults.
2017-11-25 06:19:02 [botocore.session] DEBUG: Loading variable profile from defaults.
2017-11-25 06:19:02 [botocore.session] DEBUG: Loading variable ca_bundle from defaults.
2017-11-25 06:19:02 [botocore.session] DEBUG: Loading variable profile from defaults.
2017-11-25 06:19:02 [botocore.session] DEBUG: Loading variable api_versions from defaults.
2017-11-25 06:19:02 [botocore.session] DEBUG: Loading variable profile from defaults.
2017-11-25 06:19:02 [botocore.session] DEBUG: Loading variable data_path from defaults.
2017-11-25 06:19:02 [botocore.loaders] DEBUG: Loading JSON file: /home/ec2-user/anaconda3/envs/scrapy/lib/python3.6/site-packages/botocore/data/endpoints.json
2017-11-25 06:19:02 [botocore.session] DEBUG: Loading variable profile from defaults.
2017-11-25 06:19:02 [botocore.loaders] DEBUG: Loading JSON file: /home/ec2-user/anaconda3/envs/scrapy/lib/python3.6/site-packages/botocore/data/s3/2006-03-01/service-2.json
2017-11-25 06:19:02 [botocore.hooks] DEBUG: Event creating-client-class.s3: calling handler <function add_generate_presigned_post at 0x7ff7a0340bf8>
2017-11-25 06:19:02 [botocore.hooks] DEBUG: Event creating-client-class.s3: calling handler <function add_generate_presigned_url at 0x7ff7a03409d8>
2017-11-25 06:19:02 [botocore.args] DEBUG: The s3 config key is not a dictionary type, ignoring its value of: None
2017-11-25 06:19:02 [botocore.endpoint] DEBUG: Setting s3 timeout as (60, 60)
2017-11-25 06:19:02 [botocore.loaders] DEBUG: Loading JSON file: /home/ec2-user/anaconda3/envs/scrapy/lib/python3.6/site-packages/botocore/data/_retry.json
2017-11-25 06:19:02 [botocore.client] DEBUG: Registering retry handlers for service: s3
2017-11-25 06:19:02 [botocore.client] DEBUG: Defaulting to S3 virtual host style addressing with path style addressing fallback.
2017-11-25 06:19:02 [scrapy.extensions.logstats] INFO: Crawled 0 pages (at 0 pages/min), scraped 0 items (at 0 items/min)
2017-11-25 06:19:02 [scrapy.extensions.telnet] DEBUG: Telnet console listening on 127.0.0.1:6023
2017-11-25 06:19:02 [scrapy.core.engine] DEBUG: Crawled (403) <GET https://vancouver.craigslist.ca/robots.txt> (referer: None)
2017-11-25 06:19:07 [scrapy.core.engine] DEBUG: Crawled (403) <GET https://vancouver.craigslist.ca/d/apts-housing-for-rent/search/apa> (referer: None)
2017-11-25 06:19:08 [scrapy.spidermiddlewares.httperror] INFO: Ignoring response <403 https://vancouver.craigslist.ca/d/apts-housing-for-rent/search/apa>: HTTP status code is not handled or not allowed
2017-11-25 06:19:08 [scrapy.core.engine] INFO: Closing spider (finished)
2017-11-25 06:19:08 [scrapy.statscollectors] INFO: Dumping Scrapy stats:
{'downloader/request_bytes': 720,
 'downloader/request_count': 2,
 'downloader/request_method_count/GET': 2,
 'downloader/response_bytes': 370,
 'downloader/response_count': 2,
 'downloader/response_status_count/403': 2,
 'finish_reason': 'finished',
 'finish_time': datetime.datetime(2017, 11, 25, 6, 19, 8, 27521),
 'httperror/response_ignored_count': 1,
 'httperror/response_ignored_status_count/403': 1,
 'log_count/DEBUG': 43,
 'log_count/INFO': 8,
 'log_count/WARNING': 1,
 'memusage/max': 57131008,
 'memusage/startup': 57131008,
 'response_received_count': 2,
 'scheduler/dequeued': 1,
 'scheduler/dequeued/memory': 1,
 'scheduler/enqueued': 1,
 'scheduler/enqueued/memory': 1,
 'start_time': datetime.datetime(2017, 11, 25, 6, 19, 2, 834390)}
2017-11-25 06:19:08 [scrapy.core.engine] INFO: Spider closed (finished)
2017-11-25 06:19:09 [boto] DEBUG: Using access key provided by client.
2017-11-25 06:19:09 [boto] DEBUG: Using secret key provided by client.
2017-11-25 06:19:09 [boto] DEBUG: path=/
2017-11-25 06:19:09 [boto] DEBUG: auth_path=/rentalspider/
2017-11-25 06:19:09 [boto] DEBUG: Method: HEAD
2017-11-25 06:19:09 [boto] DEBUG: Path: /
2017-11-25 06:19:09 [boto] DEBUG: Data: 
2017-11-25 06:19:09 [boto] DEBUG: Headers: {}
2017-11-25 06:19:09 [boto] DEBUG: Host: rentalspider.s3.amazonaws.com:443
2017-11-25 06:19:09 [boto] DEBUG: Port: 443
2017-11-25 06:19:09 [boto] DEBUG: Params: {}
2017-11-25 06:19:09 [boto] DEBUG: establishing HTTPS connection: host=rentalspider.s3.amazonaws.com, kwargs={'timeout': 70, 'port': 443}
2017-11-25 06:19:09 [boto] DEBUG: Token: None
2017-11-25 06:19:09 [boto] DEBUG: StringToSign:
HEAD


Sat, 25 Nov 2017 06:19:09 GMT
/rentalspider/
2017-11-25 06:19:09 [boto] DEBUG: Signature:
AWS AKIAJNTWU2B6PICHAC5A:lpv5NWQIH+SdhjtmyZtw1SwtozI=
2017-11-25 06:19:09 [boto] DEBUG: Final headers: {'User-Agent': 'Boto/2.48.0 Python/3.6.3 Linux/4.9.62-21.56.amzn1.x86_64', 'Date': 'Sat, 25 Nov 2017 06:19:09 GMT', 'Authorization': 'AWS AKIAJNTWU2B6PICHAC5A:lpv5NWQIH+SdhjtmyZtw1SwtozI=', 'Content-Length': '0'}
2017-11-25 06:19:09 [boto] DEBUG: Response headers: [('x-amz-id-2', 'PxXh1aFFMody/Q89cXdvIl7A1i+L9u8s1f4T6QOByKb6OooKlFHDyezUm7HVfwweslT5xdkAIyg='), ('x-amz-request-id', '869EE594624A64DB'), ('Date', 'Sat, 25 Nov 2017 06:19:10 GMT'), ('x-amz-bucket-region', 'us-west-2'), ('Content-Type', 'application/xml'), ('Transfer-Encoding', 'chunked'), ('Server', 'AmazonS3')]
2017-11-25 06:19:09 [boto] DEBUG: path=/Data/logs/2017-11-25.log
2017-11-25 06:19:09 [boto] DEBUG: auth_path=/rentalspider/Data/logs/2017-11-25.log
2017-11-25 06:19:09 [boto] DEBUG: Method: PUT
2017-11-25 06:19:09 [boto] DEBUG: Path: /Data/logs/2017-11-25.log
2017-11-25 06:19:09 [boto] DEBUG: Data: 
2017-11-25 06:19:09 [boto] DEBUG: Headers: {'User-Agent': 'Boto/2.48.0 Python/3.6.3 Linux/4.9.62-21.56.amzn1.x86_64', 'Content-Type': 'application/octet-stream', 'Content-MD5': 'r5l6ZoELN+iuxtNLPRPIGA==', 'Content-Length': '10062', 'Expect': '100-Continue'}
2017-11-25 06:19:09 [boto] DEBUG: Host: rentalspider.s3.amazonaws.com:443
2017-11-25 06:19:09 [boto] DEBUG: Port: 443
2017-11-25 06:19:09 [boto] DEBUG: Params: {}
2017-11-25 06:19:09 [boto] DEBUG: Token: None
2017-11-25 06:19:09 [boto] DEBUG: StringToSign:
PUT
r5l6ZoELN+iuxtNLPRPIGA==
application/octet-stream
Sat, 25 Nov 2017 06:19:09 GMT
/rentalspider/Data/logs/2017-11-25.log
2017-11-25 06:19:09 [boto] DEBUG: Signature:
AWS AKIAJNTWU2B6PICHAC5A:RUVkc4kpXY0hFCPxAGsNrBz9+oA=
2017-11-25 06:19:09 [boto] DEBUG: Final headers: {'User-Agent': 'Boto/2.48.0 Python/3.6.3 Linux/4.9.62-21.56.amzn1.x86_64', 'Content-Type': 'application/octet-stream', 'Content-MD5': 'r5l6ZoELN+iuxtNLPRPIGA==', 'Content-Length': '10062', 'Expect': '100-Continue', 'Date': 'Sat, 25 Nov 2017 06:19:09 GMT', 'Authorization': 'AWS AKIAJNTWU2B6PICHAC5A:RUVkc4kpXY0hFCPxAGsNrBz9+oA='}
2017-11-25 06:19:09 [boto] DEBUG: Response headers: [('x-amz-id-2', '4VzURlOkqP5mgGcZMPttiq4wCUJKD71+bfCUadeqllBw8bvezZrsLQCj9rspeOe217cRRMc+ydk='), ('x-amz-request-id', '95AE5B490BBA9C34'), ('Date', 'Sat, 25 Nov 2017 06:19:10 GMT'), ('ETag', '"af997a66810b37e8aec6d34b3d13c818"'), ('Content-Length', '0'), ('Server', 'AmazonS3')]
